2019-03-06 17:37:36,824 [Worker-1: Loading available Gradle versions] INFO  o.e.b.c.i.u.g.PublishedGradleVersions - Gradle version information cache is up-to-date. Trying to read.
2019-03-06 17:38:16,943 [Worker-2: Importing Maven projects] INFO  o.e.m.c.i.l.LifecycleMappingFactory - Using org.eclipse.m2e.jdt.JarLifecycleMapping lifecycle mapping for MavenProject: example:ttt-local:1.0.0-SNAPSHOT @ C:\Users\drago\Desktop\School\SD\Lab3\ttt-local\client\pom.xml.
2019-03-06 17:38:17,159 [Worker-2: Importing Maven projects] INFO  o.e.m.c.i.l.LifecycleMappingFactory - Using org.eclipse.m2e.jdt.JarLifecycleMapping lifecycle mapping for MavenProject: example.grpc:ttt-local:1.0.0-SNAPSHOT @ C:\Users\drago\Desktop\School\SD\Lab3\ttt-local\contract\pom.xml.
2019-03-06 17:38:17,317 [Worker-2: Importing Maven projects] INFO  o.e.m.c.i.l.LifecycleMappingFactory - Using org.eclipse.m2e.jdt.JarLifecycleMapping lifecycle mapping for MavenProject: example.grpc:hello-world-server:1.0.0-SNAPSHOT @ C:\Users\drago\Desktop\School\SD\Lab3\ttt-local\server\pom.xml.
2019-03-06 17:38:17,765 [Worker-2: Importing Maven projects] INFO  o.e.m.j.i.AbstractJavaProjectConfigurator - Adding source folder /server/src/main/java
2019-03-06 17:38:17,766 [Worker-2: Importing Maven projects] INFO  o.e.m.j.i.AbstractJavaProjectConfigurator - Adding source folder /server/src/test/java
2019-03-06 17:38:18,624 [Worker-2: Importing Maven projects] INFO  o.e.m.c.i.embedder.EclipseLogger - Skipping compilation because build context has no changes.
2019-03-06 17:38:18,627 [Worker-2: Importing Maven projects] INFO  o.e.m.c.i.embedder.EclipseLogger - Skipping compilation because build context has no changes.
2019-03-06 17:38:18,703 [Worker-2: Importing Maven projects] INFO  o.e.m.j.i.AbstractJavaProjectConfigurator - Adding source folder /contract/src/main/java
2019-03-06 17:38:18,704 [Worker-2: Importing Maven projects] INFO  o.e.m.j.i.AbstractJavaProjectConfigurator - Adding source folder /contract/target/generated-sources/protobuf/java
2019-03-06 17:38:18,705 [Worker-2: Importing Maven projects] INFO  o.e.m.j.i.AbstractJavaProjectConfigurator - Adding source folder /contract/target/generated-sources/protobuf/grpc-java
2019-03-06 17:38:18,705 [Worker-2: Importing Maven projects] INFO  o.e.m.j.i.AbstractJavaProjectConfigurator - Adding resource folder /contract/src/main/proto
2019-03-06 17:38:18,713 [Worker-2: Importing Maven projects] INFO  o.e.m.j.i.AbstractJavaProjectConfigurator - Adding resource folder /contract/src/main/proto
2019-03-06 17:38:18,714 [Worker-2: Importing Maven projects] INFO  o.e.m.j.i.AbstractJavaProjectConfigurator - Adding source folder /contract/src/test/java
2019-03-06 17:38:18,759 [Worker-6: Download sources and javadoc] ERROR o.e.m.j.internal.DownloadSourcesJob - Could not download javadoc for example.grpc:hello-world-contract:1.0.0-SNAPSHOT
org.eclipse.core.runtime.CoreException: Could not resolve artifact example.grpc:hello-world-contract:jar:javadoc:1.0.0-SNAPSHOT
	at org.eclipse.m2e.core.internal.embedder.MavenImpl.lambda$4(MavenImpl.java:763) [org.eclipse.m2e.core_1.10.0.20181127-2120.jar:na]
	at org.eclipse.m2e.core.internal.embedder.MavenExecutionContext.executeBare(MavenExecutionContext.java:177) [org.eclipse.m2e.core_1.10.0.20181127-2120.jar:na]
	at org.eclipse.m2e.core.internal.embedder.MavenExecutionContext.execute(MavenExecutionContext.java:112) [org.eclipse.m2e.core_1.10.0.20181127-2120.jar:na]
	at org.eclipse.m2e.core.internal.embedder.MavenExecutionContext.execute(MavenExecutionContext.java:99) [org.eclipse.m2e.core_1.10.0.20181127-2120.jar:na]
	at org.eclipse.m2e.core.internal.embedder.MavenImpl.resolve(MavenImpl.java:731) [org.eclipse.m2e.core_1.10.0.20181127-2120.jar:na]
	at org.eclipse.m2e.core.internal.embedder.MavenImpl.resolve(MavenImpl.java:708) [org.eclipse.m2e.core_1.10.0.20181127-2120.jar:na]
	at org.eclipse.m2e.jdt.internal.DownloadSourcesJob.download(DownloadSourcesJob.java:279) [org.eclipse.m2e.jdt_1.10.0.20181127-2120.jar:na]
	at org.eclipse.m2e.jdt.internal.DownloadSourcesJob.downloadAttachments(DownloadSourcesJob.java:265) [org.eclipse.m2e.jdt_1.10.0.20181127-2120.jar:na]
	at org.eclipse.m2e.jdt.internal.DownloadSourcesJob.downloadMaven(DownloadSourcesJob.java:221) [org.eclipse.m2e.jdt_1.10.0.20181127-2120.jar:na]
	at org.eclipse.m2e.jdt.internal.DownloadSourcesJob.run(DownloadSourcesJob.java:161) [org.eclipse.m2e.jdt_1.10.0.20181127-2120.jar:na]
	at org.eclipse.m2e.jdt.internal.DownloadSourcesJob$1.call(DownloadSourcesJob.java:137) [org.eclipse.m2e.jdt_1.10.0.20181127-2120.jar:na]
	at org.eclipse.m2e.jdt.internal.DownloadSourcesJob$1.call(DownloadSourcesJob.java:1) [org.eclipse.m2e.jdt_1.10.0.20181127-2120.jar:na]
	at org.eclipse.m2e.core.internal.embedder.MavenExecutionContext.executeBare(MavenExecutionContext.java:177) [org.eclipse.m2e.core_1.10.0.20181127-2120.jar:na]
	at org.eclipse.m2e.core.internal.embedder.MavenExecutionContext.execute(MavenExecutionContext.java:151) [org.eclipse.m2e.core_1.10.0.20181127-2120.jar:na]
	at org.eclipse.m2e.core.internal.embedder.MavenExecutionContext.execute(MavenExecutionContext.java:99) [org.eclipse.m2e.core_1.10.0.20181127-2120.jar:na]
	at org.eclipse.m2e.core.internal.embedder.MavenImpl.execute(MavenImpl.java:1336) [org.eclipse.m2e.core_1.10.0.20181127-2120.jar:na]
	at org.eclipse.m2e.jdt.internal.DownloadSourcesJob.run(DownloadSourcesJob.java:135) [org.eclipse.m2e.jdt_1.10.0.20181127-2120.jar:na]
	at org.eclipse.core.internal.jobs.Worker.run(Worker.java:63) [org.eclipse.core.jobs_3.10.200.v20180912-1356.jar:na]
2019-03-06 17:38:18,901 [Worker-2: Importing Maven projects] INFO  o.e.m.j.i.AbstractJavaProjectConfigurator - Adding source folder /client/src/main/java
2019-03-06 17:38:18,902 [Worker-2: Importing Maven projects] INFO  o.e.m.j.i.AbstractJavaProjectConfigurator - Adding source folder /client/src/test/java
2019-03-06 17:38:18,978 [Worker-2: Importing Maven projects] INFO  o.e.m.c.i.p.ProjectConfigurationManager - Imported and configured 3 project(s) in 3 sec
2019-03-06 17:38:19,715 [Worker-6: Building workspace] INFO  o.e.m.c.i.embedder.EclipseLogger - Using 'UTF-8' encoding to copy filtered resources.
2019-03-06 17:38:19,716 [Worker-6: Building workspace] INFO  o.e.m.c.i.embedder.EclipseLogger - skip non existing resourceDirectory C:\Users\drago\Desktop\School\SD\Lab3\ttt-local\client\src\main\resources
2019-03-06 17:38:19,718 [Worker-6: Building workspace] INFO  o.e.m.c.i.embedder.EclipseLogger - Using 'UTF-8' encoding to copy filtered resources.
2019-03-06 17:38:19,718 [Worker-6: Building workspace] INFO  o.e.m.c.i.embedder.EclipseLogger - skip non existing resourceDirectory C:\Users\drago\Desktop\School\SD\Lab3\ttt-local\client\src\test\resources
2019-03-06 17:38:20,179 [Worker-6: Building workspace] INFO  o.e.m.c.i.embedder.EclipseLogger - Using 'UTF-8' encoding to copy filtered resources.
2019-03-06 17:38:20,179 [Worker-6: Building workspace] INFO  o.e.m.c.i.embedder.EclipseLogger - skip non existing resourceDirectory C:\Users\drago\Desktop\School\SD\Lab3\ttt-local\contract\src\main\resources
2019-03-06 17:38:20,181 [Worker-6: Building workspace] INFO  o.e.m.c.i.embedder.EclipseLogger - Using 'UTF-8' encoding to copy filtered resources.
2019-03-06 17:38:20,181 [Worker-6: Building workspace] INFO  o.e.m.c.i.embedder.EclipseLogger - skip non existing resourceDirectory C:\Users\drago\Desktop\School\SD\Lab3\ttt-local\contract\src\test\resources
2019-03-06 17:38:20,216 [Worker-6: Building workspace] INFO  o.e.m.c.i.embedder.EclipseLogger - Using 'UTF-8' encoding to copy filtered resources.
2019-03-06 17:38:20,216 [Worker-6: Building workspace] INFO  o.e.m.c.i.embedder.EclipseLogger - skip non existing resourceDirectory C:\Users\drago\Desktop\School\SD\Lab3\ttt-local\server\src\main\resources
2019-03-06 17:38:20,218 [Worker-6: Building workspace] INFO  o.e.m.c.i.embedder.EclipseLogger - Using 'UTF-8' encoding to copy filtered resources.
2019-03-06 17:38:20,218 [Worker-6: Building workspace] INFO  o.e.m.c.i.embedder.EclipseLogger - skip non existing resourceDirectory C:\Users\drago\Desktop\School\SD\Lab3\ttt-local\server\src\test\resources
2019-03-06 17:39:10,905 [Worker-0: Loading available Gradle versions] INFO  o.e.b.c.i.u.g.PublishedGradleVersions - Gradle version information cache is up-to-date. Trying to read.
2019-03-06 17:39:15,659 [Worker-5: Building workspace] INFO  o.e.m.c.i.embedder.EclipseLogger - Using 'UTF-8' encoding to copy filtered resources.
2019-03-06 17:39:15,660 [Worker-5: Building workspace] INFO  o.e.m.c.i.embedder.EclipseLogger - skip non existing resourceDirectory C:\Users\drago\Desktop\School\SD\Lab3\ttt-local\client\src\main\resources
2019-03-06 17:39:15,683 [Worker-5: Building workspace] INFO  o.e.m.c.i.embedder.EclipseLogger - Using 'UTF-8' encoding to copy filtered resources.
2019-03-06 17:39:15,684 [Worker-5: Building workspace] INFO  o.e.m.c.i.embedder.EclipseLogger - skip non existing resourceDirectory C:\Users\drago\Desktop\School\SD\Lab3\ttt-local\client\src\test\resources
2019-03-06 17:39:17,635 [Worker-5: Building workspace] INFO  o.e.m.c.i.embedder.EclipseLogger - Using 'UTF-8' encoding to copy filtered resources.
2019-03-06 17:39:17,635 [Worker-5: Building workspace] INFO  o.e.m.c.i.embedder.EclipseLogger - skip non existing resourceDirectory C:\Users\drago\Desktop\School\SD\Lab3\ttt-local\contract\src\main\resources
2019-03-06 17:39:17,638 [Worker-5: Building workspace] INFO  o.e.m.c.i.embedder.EclipseLogger - Using 'UTF-8' encoding to copy filtered resources.
2019-03-06 17:39:17,638 [Worker-5: Building workspace] INFO  o.e.m.c.i.embedder.EclipseLogger - skip non existing resourceDirectory C:\Users\drago\Desktop\School\SD\Lab3\ttt-local\contract\src\test\resources
2019-03-06 17:39:18,276 [Worker-5: Building workspace] INFO  o.e.m.c.i.embedder.EclipseLogger - Using 'UTF-8' encoding to copy filtered resources.
2019-03-06 17:39:18,276 [Worker-5: Building workspace] INFO  o.e.m.c.i.embedder.EclipseLogger - skip non existing resourceDirectory C:\Users\drago\Desktop\School\SD\Lab3\ttt-local\server\src\main\resources
2019-03-06 17:39:18,278 [Worker-5: Building workspace] INFO  o.e.m.c.i.embedder.EclipseLogger - Using 'UTF-8' encoding to copy filtered resources.
2019-03-06 17:39:18,278 [Worker-5: Building workspace] INFO  o.e.m.c.i.embedder.EclipseLogger - skip non existing resourceDirectory C:\Users\drago\Desktop\School\SD\Lab3\ttt-local\server\src\test\resources
2019-03-06 17:39:58,724 [Worker-12: Building workspace] INFO  o.e.m.c.i.embedder.EclipseLogger - Skipping compilation because build context has no changes.
2019-03-06 17:39:58,728 [Worker-12: Building workspace] INFO  o.e.m.c.i.embedder.EclipseLogger - Skipping compilation because build context has no changes.
2019-03-06 17:39:58,730 [Worker-12: Building workspace] INFO  o.e.m.c.i.embedder.EclipseLogger - Using 'UTF-8' encoding to copy filtered resources.
2019-03-06 17:39:58,731 [Worker-12: Building workspace] INFO  o.e.m.c.i.embedder.EclipseLogger - skip non existing resourceDirectory C:\Users\drago\Desktop\School\SD\Lab3\ttt-local\contract\src\main\resources
2019-03-06 17:39:58,738 [Worker-12: Building workspace] INFO  o.e.m.c.i.embedder.EclipseLogger - Copying 0 resource
2019-03-06 17:39:58,739 [Worker-12: Building workspace] INFO  o.e.m.c.i.embedder.EclipseLogger - Copying 0 resource
2019-03-06 17:39:58,742 [Worker-12: Building workspace] INFO  o.e.m.c.i.embedder.EclipseLogger - Using 'UTF-8' encoding to copy filtered resources.
2019-03-06 17:39:58,742 [Worker-12: Building workspace] INFO  o.e.m.c.i.embedder.EclipseLogger - skip non existing resourceDirectory C:\Users\drago\Desktop\School\SD\Lab3\ttt-local\contract\src\test\resources
2019-03-06 17:40:09,949 [Worker-3: Building workspace] INFO  o.e.m.c.i.embedder.EclipseLogger - Using 'UTF-8' encoding to copy filtered resources.
2019-03-06 17:40:09,951 [Worker-3: Building workspace] INFO  o.e.m.c.i.embedder.EclipseLogger - skip non existing resourceDirectory C:\Users\drago\Desktop\School\SD\Lab3\ttt-local\contract\src\main\resources
2019-03-06 17:40:09,951 [Worker-3: Building workspace] INFO  o.e.m.c.i.embedder.EclipseLogger - Using 'UTF-8' encoding to copy filtered resources.
2019-03-06 17:40:09,952 [Worker-3: Building workspace] INFO  o.e.m.c.i.embedder.EclipseLogger - skip non existing resourceDirectory C:\Users\drago\Desktop\School\SD\Lab3\ttt-local\contract\src\test\resources
2019-03-06 18:35:14,840 [Worker-24: Building workspace] INFO  o.e.m.c.i.embedder.EclipseLogger - Using 'UTF-8' encoding to copy filtered resources.
2019-03-06 18:35:14,841 [Worker-24: Building workspace] INFO  o.e.m.c.i.embedder.EclipseLogger - skip non existing resourceDirectory C:\Users\drago\Desktop\School\SD\Lab3\ttt-local\contract\src\main\resources
2019-03-06 18:35:14,845 [Worker-24: Building workspace] INFO  o.e.m.c.i.embedder.EclipseLogger - Using 'UTF-8' encoding to copy filtered resources.
2019-03-06 18:35:14,846 [Worker-24: Building workspace] INFO  o.e.m.c.i.embedder.EclipseLogger - skip non existing resourceDirectory C:\Users\drago\Desktop\School\SD\Lab3\ttt-local\contract\src\test\resources
2019-03-06 18:41:13,106 [Worker-23: Building workspace] INFO  o.e.m.c.i.embedder.EclipseLogger - Using 'UTF-8' encoding to copy filtered resources.
2019-03-06 18:41:13,106 [Worker-23: Building workspace] INFO  o.e.m.c.i.embedder.EclipseLogger - skip non existing resourceDirectory C:\Users\drago\Desktop\School\SD\Lab3\ttt-local\contract\src\main\resources
2019-03-06 18:41:13,107 [Worker-23: Building workspace] INFO  o.e.m.c.i.embedder.EclipseLogger - Using 'UTF-8' encoding to copy filtered resources.
2019-03-06 18:41:13,107 [Worker-23: Building workspace] INFO  o.e.m.c.i.embedder.EclipseLogger - skip non existing resourceDirectory C:\Users\drago\Desktop\School\SD\Lab3\ttt-local\contract\src\test\resources
2019-03-06 19:53:03,228 [Worker-3: Building workspace] INFO  o.e.m.c.i.embedder.EclipseLogger - Using 'UTF-8' encoding to copy filtered resources.
2019-03-06 19:53:03,229 [Worker-3: Building workspace] INFO  o.e.m.c.i.embedder.EclipseLogger - skip non existing resourceDirectory C:\Users\drago\Desktop\School\SD\Lab3\ttt-local\client\src\main\resources
2019-03-06 19:53:03,230 [Worker-3: Building workspace] INFO  o.e.m.c.i.embedder.EclipseLogger - Using 'UTF-8' encoding to copy filtered resources.
2019-03-06 19:53:03,230 [Worker-3: Building workspace] INFO  o.e.m.c.i.embedder.EclipseLogger - skip non existing resourceDirectory C:\Users\drago\Desktop\School\SD\Lab3\ttt-local\client\src\test\resources
2019-03-06 20:04:08,861 [Worker-38: Building workspace] INFO  o.e.m.c.i.embedder.EclipseLogger - Using 'UTF-8' encoding to copy filtered resources.
2019-03-06 20:04:08,861 [Worker-38: Building workspace] INFO  o.e.m.c.i.embedder.EclipseLogger - skip non existing resourceDirectory C:\Users\drago\Desktop\School\SD\Lab3\ttt-local\contract\src\main\resources
2019-03-06 20:04:08,863 [Worker-38: Building workspace] INFO  o.e.m.c.i.embedder.EclipseLogger - Using 'UTF-8' encoding to copy filtered resources.
2019-03-06 20:04:08,863 [Worker-38: Building workspace] INFO  o.e.m.c.i.embedder.EclipseLogger - skip non existing resourceDirectory C:\Users\drago\Desktop\School\SD\Lab3\ttt-local\contract\src\test\resources
2019-03-06 20:05:59,164 [Worker-39: Building workspace] INFO  o.e.m.c.i.embedder.EclipseLogger - Using 'UTF-8' encoding to copy filtered resources.
2019-03-06 20:05:59,165 [Worker-39: Building workspace] INFO  o.e.m.c.i.embedder.EclipseLogger - skip non existing resourceDirectory C:\Users\drago\Desktop\School\SD\Lab3\ttt-local\contract\src\main\resources
2019-03-06 20:05:59,166 [Worker-39: Building workspace] INFO  o.e.m.c.i.embedder.EclipseLogger - Using 'UTF-8' encoding to copy filtered resources.
2019-03-06 20:05:59,166 [Worker-39: Building workspace] INFO  o.e.m.c.i.embedder.EclipseLogger - skip non existing resourceDirectory C:\Users\drago\Desktop\School\SD\Lab3\ttt-local\contract\src\test\resources
2019-03-06 20:07:47,537 [Worker-39: Building workspace] INFO  o.e.m.c.i.embedder.EclipseLogger - Using 'UTF-8' encoding to copy filtered resources.
2019-03-06 20:07:47,537 [Worker-39: Building workspace] INFO  o.e.m.c.i.embedder.EclipseLogger - skip non existing resourceDirectory C:\Users\drago\Desktop\School\SD\Lab3\ttt-local\contract\src\main\resources
2019-03-06 20:07:47,538 [Worker-39: Building workspace] INFO  o.e.m.c.i.embedder.EclipseLogger - Using 'UTF-8' encoding to copy filtered resources.
2019-03-06 20:07:47,538 [Worker-39: Building workspace] INFO  o.e.m.c.i.embedder.EclipseLogger - skip non existing resourceDirectory C:\Users\drago\Desktop\School\SD\Lab3\ttt-local\contract\src\test\resources
2019-03-06 20:09:55,551 [Worker-38: Building workspace] INFO  o.e.m.c.i.embedder.EclipseLogger - Using 'UTF-8' encoding to copy filtered resources.
2019-03-06 20:09:55,551 [Worker-38: Building workspace] INFO  o.e.m.c.i.embedder.EclipseLogger - skip non existing resourceDirectory C:\Users\drago\Desktop\School\SD\Lab3\ttt-local\contract\src\main\resources
2019-03-06 20:09:55,552 [Worker-38: Building workspace] INFO  o.e.m.c.i.embedder.EclipseLogger - Using 'UTF-8' encoding to copy filtered resources.
2019-03-06 20:09:55,552 [Worker-38: Building workspace] INFO  o.e.m.c.i.embedder.EclipseLogger - skip non existing resourceDirectory C:\Users\drago\Desktop\School\SD\Lab3\ttt-local\contract\src\test\resources
2019-03-06 20:11:35,161 [Worker-38: Building workspace] INFO  o.e.m.c.i.embedder.EclipseLogger - Using 'UTF-8' encoding to copy filtered resources.
2019-03-06 20:11:35,162 [Worker-38: Building workspace] INFO  o.e.m.c.i.embedder.EclipseLogger - skip non existing resourceDirectory C:\Users\drago\Desktop\School\SD\Lab3\ttt-local\contract\src\main\resources
2019-03-06 20:11:35,162 [Worker-38: Building workspace] INFO  o.e.m.c.i.embedder.EclipseLogger - Using 'UTF-8' encoding to copy filtered resources.
2019-03-06 20:11:35,162 [Worker-38: Building workspace] INFO  o.e.m.c.i.embedder.EclipseLogger - skip non existing resourceDirectory C:\Users\drago\Desktop\School\SD\Lab3\ttt-local\contract\src\test\resources
2019-03-06 20:14:34,251 [Worker-40: Building workspace] INFO  o.e.m.c.i.l.LifecycleMappingFactory - Using org.eclipse.m2e.jdt.JarLifecycleMapping lifecycle mapping for MavenProject: example.grpc:ttt-local:1.0.0-SNAPSHOT @ C:\Users\drago\Desktop\School\SD\Lab3\ttt-local\contract\pom.xml.
2019-03-06 20:14:34,762 [Worker-40: Building workspace] INFO  o.e.m.c.i.embedder.EclipseLogger - Skipping compilation because build context has no changes.
2019-03-06 20:14:34,766 [Worker-40: Building workspace] INFO  o.e.m.c.i.embedder.EclipseLogger - Skipping compilation because build context has no changes.
2019-03-06 20:14:34,889 [Worker-40: Building workspace] INFO  o.e.m.c.i.embedder.EclipseLogger - Using 'UTF-8' encoding to copy filtered resources.
2019-03-06 20:14:34,890 [Worker-40: Building workspace] INFO  o.e.m.c.i.embedder.EclipseLogger - skip non existing resourceDirectory C:\Users\drago\Desktop\School\SD\Lab3\ttt-local\contract\src\main\resources
2019-03-06 20:14:34,892 [Worker-40: Building workspace] INFO  o.e.m.c.i.embedder.EclipseLogger - Copying 0 resource
2019-03-06 20:14:34,893 [Worker-40: Building workspace] INFO  o.e.m.c.i.embedder.EclipseLogger - Copying 0 resource
2019-03-06 20:14:34,894 [Worker-40: Building workspace] INFO  o.e.m.c.i.embedder.EclipseLogger - Using 'UTF-8' encoding to copy filtered resources.
2019-03-06 20:14:34,895 [Worker-40: Building workspace] INFO  o.e.m.c.i.embedder.EclipseLogger - skip non existing resourceDirectory C:\Users\drago\Desktop\School\SD\Lab3\ttt-local\contract\src\test\resources
2019-03-06 20:14:36,465 [Worker-39: Building workspace] INFO  o.e.m.c.i.embedder.EclipseLogger - Skipping compilation because build context has no changes.
2019-03-06 20:14:36,468 [Worker-39: Building workspace] INFO  o.e.m.c.i.embedder.EclipseLogger - Skipping compilation because build context has no changes.
2019-03-06 20:14:36,470 [Worker-39: Building workspace] INFO  o.e.m.c.i.embedder.EclipseLogger - Using 'UTF-8' encoding to copy filtered resources.
2019-03-06 20:14:36,470 [Worker-39: Building workspace] INFO  o.e.m.c.i.embedder.EclipseLogger - skip non existing resourceDirectory C:\Users\drago\Desktop\School\SD\Lab3\ttt-local\contract\src\main\resources
2019-03-06 20:14:36,471 [Worker-39: Building workspace] INFO  o.e.m.c.i.embedder.EclipseLogger - Copying 1 resource
2019-03-06 20:14:36,476 [Worker-39: Building workspace] INFO  o.e.m.c.i.embedder.EclipseLogger - Copying 1 resource
2019-03-06 20:14:36,478 [Worker-39: Building workspace] INFO  o.e.m.c.i.embedder.EclipseLogger - Using 'UTF-8' encoding to copy filtered resources.
2019-03-06 20:14:36,478 [Worker-39: Building workspace] INFO  o.e.m.c.i.embedder.EclipseLogger - skip non existing resourceDirectory C:\Users\drago\Desktop\School\SD\Lab3\ttt-local\contract\src\test\resources
2019-03-06 20:15:12,594 [Worker-39: Building workspace] INFO  o.e.m.c.i.embedder.EclipseLogger - Skipping compilation because build context has no changes.
2019-03-06 20:15:12,598 [Worker-39: Building workspace] INFO  o.e.m.c.i.embedder.EclipseLogger - Skipping compilation because build context has no changes.
2019-03-06 20:15:12,600 [Worker-39: Building workspace] INFO  o.e.m.c.i.embedder.EclipseLogger - Using 'UTF-8' encoding to copy filtered resources.
2019-03-06 20:15:12,600 [Worker-39: Building workspace] INFO  o.e.m.c.i.embedder.EclipseLogger - skip non existing resourceDirectory C:\Users\drago\Desktop\School\SD\Lab3\ttt-local\contract\src\main\resources
2019-03-06 20:15:12,600 [Worker-39: Building workspace] INFO  o.e.m.c.i.embedder.EclipseLogger - Copying 0 resource
2019-03-06 20:15:12,600 [Worker-39: Building workspace] INFO  o.e.m.c.i.embedder.EclipseLogger - Copying 0 resource
2019-03-06 20:15:12,601 [Worker-39: Building workspace] INFO  o.e.m.c.i.embedder.EclipseLogger - Using 'UTF-8' encoding to copy filtered resources.
2019-03-06 20:15:12,601 [Worker-39: Building workspace] INFO  o.e.m.c.i.embedder.EclipseLogger - skip non existing resourceDirectory C:\Users\drago\Desktop\School\SD\Lab3\ttt-local\contract\src\test\resources
2019-03-06 20:15:19,533 [Worker-37: Building workspace] INFO  o.e.m.c.i.embedder.EclipseLogger - Skipping compilation because build context has no changes.
2019-03-06 20:15:19,536 [Worker-37: Building workspace] INFO  o.e.m.c.i.embedder.EclipseLogger - Skipping compilation because build context has no changes.
2019-03-06 20:15:19,538 [Worker-37: Building workspace] INFO  o.e.m.c.i.embedder.EclipseLogger - Using 'UTF-8' encoding to copy filtered resources.
2019-03-06 20:15:19,538 [Worker-37: Building workspace] INFO  o.e.m.c.i.embedder.EclipseLogger - skip non existing resourceDirectory C:\Users\drago\Desktop\School\SD\Lab3\ttt-local\contract\src\main\resources
2019-03-06 20:15:19,539 [Worker-37: Building workspace] INFO  o.e.m.c.i.embedder.EclipseLogger - Copying 1 resource
2019-03-06 20:15:19,544 [Worker-37: Building workspace] INFO  o.e.m.c.i.embedder.EclipseLogger - Copying 1 resource
2019-03-06 20:15:19,545 [Worker-37: Building workspace] INFO  o.e.m.c.i.embedder.EclipseLogger - Using 'UTF-8' encoding to copy filtered resources.
2019-03-06 20:15:19,545 [Worker-37: Building workspace] INFO  o.e.m.c.i.embedder.EclipseLogger - skip non existing resourceDirectory C:\Users\drago\Desktop\School\SD\Lab3\ttt-local\contract\src\test\resources
2019-03-06 20:15:24,521 [Worker-39: Building workspace] INFO  o.e.m.c.i.embedder.EclipseLogger - Skipping compilation because build context has no changes.
2019-03-06 20:15:24,523 [Worker-39: Building workspace] INFO  o.e.m.c.i.embedder.EclipseLogger - Skipping compilation because build context has no changes.
2019-03-06 20:15:24,524 [Worker-39: Building workspace] INFO  o.e.m.c.i.embedder.EclipseLogger - Using 'UTF-8' encoding to copy filtered resources.
2019-03-06 20:15:24,524 [Worker-39: Building workspace] INFO  o.e.m.c.i.embedder.EclipseLogger - skip non existing resourceDirectory C:\Users\drago\Desktop\School\SD\Lab3\ttt-local\contract\src\main\resources
2019-03-06 20:15:24,524 [Worker-39: Building workspace] INFO  o.e.m.c.i.embedder.EclipseLogger - Copying 1 resource
2019-03-06 20:15:24,528 [Worker-39: Building workspace] INFO  o.e.m.c.i.embedder.EclipseLogger - Copying 1 resource
2019-03-06 20:15:24,529 [Worker-39: Building workspace] INFO  o.e.m.c.i.embedder.EclipseLogger - Using 'UTF-8' encoding to copy filtered resources.
2019-03-06 20:15:24,530 [Worker-39: Building workspace] INFO  o.e.m.c.i.embedder.EclipseLogger - skip non existing resourceDirectory C:\Users\drago\Desktop\School\SD\Lab3\ttt-local\contract\src\test\resources
2019-03-06 20:15:30,667 [Worker-37: Building workspace] INFO  o.e.m.c.i.embedder.EclipseLogger - C:\Users\drago\Desktop\School\SD\Lab3\ttt-local\contract\src\main\proto does not exist. Review the configuration or consider disabling the plugin.
2019-03-06 20:15:30,669 [Worker-37: Building workspace] INFO  o.e.m.c.i.embedder.EclipseLogger - C:\Users\drago\Desktop\School\SD\Lab3\ttt-local\contract\src\main\proto does not exist. Review the configuration or consider disabling the plugin.
2019-03-06 20:15:30,669 [Worker-37: Building workspace] INFO  o.e.m.c.i.embedder.EclipseLogger - Using 'UTF-8' encoding to copy filtered resources.
2019-03-06 20:15:30,670 [Worker-37: Building workspace] INFO  o.e.m.c.i.embedder.EclipseLogger - skip non existing resourceDirectory C:\Users\drago\Desktop\School\SD\Lab3\ttt-local\contract\src\main\resources
2019-03-06 20:15:30,670 [Worker-37: Building workspace] INFO  o.e.m.c.i.embedder.EclipseLogger - Using 'UTF-8' encoding to copy filtered resources.
2019-03-06 20:15:30,670 [Worker-37: Building workspace] INFO  o.e.m.c.i.embedder.EclipseLogger - skip non existing resourceDirectory C:\Users\drago\Desktop\School\SD\Lab3\ttt-local\contract\src\test\resources
2019-03-06 20:15:31,678 [Worker-38: Building workspace] INFO  o.e.m.c.i.embedder.EclipseLogger - C:\Users\drago\Desktop\School\SD\Lab3\ttt-local\contract\src\main\proto does not exist. Review the configuration or consider disabling the plugin.
2019-03-06 20:15:31,679 [Worker-38: Building workspace] INFO  o.e.m.c.i.embedder.EclipseLogger - C:\Users\drago\Desktop\School\SD\Lab3\ttt-local\contract\src\main\proto does not exist. Review the configuration or consider disabling the plugin.
2019-03-06 20:15:31,680 [Worker-38: Building workspace] INFO  o.e.m.c.i.embedder.EclipseLogger - Using 'UTF-8' encoding to copy filtered resources.
2019-03-06 20:15:31,680 [Worker-38: Building workspace] INFO  o.e.m.c.i.embedder.EclipseLogger - skip non existing resourceDirectory C:\Users\drago\Desktop\School\SD\Lab3\ttt-local\contract\src\main\resources
2019-03-06 20:15:31,681 [Worker-38: Building workspace] INFO  o.e.m.c.i.embedder.EclipseLogger - Using 'UTF-8' encoding to copy filtered resources.
2019-03-06 20:15:31,681 [Worker-38: Building workspace] INFO  o.e.m.c.i.embedder.EclipseLogger - skip non existing resourceDirectory C:\Users\drago\Desktop\School\SD\Lab3\ttt-local\contract\src\test\resources
2019-03-06 20:15:45,214 [Worker-41: Building workspace] INFO  o.e.m.c.i.embedder.EclipseLogger - Using 'UTF-8' encoding to copy filtered resources.
2019-03-06 20:15:45,214 [Worker-41: Building workspace] INFO  o.e.m.c.i.embedder.EclipseLogger - skip non existing resourceDirectory C:\Users\drago\Desktop\School\SD\Lab3\ttt-local\contract\src\main\resources
2019-03-06 20:15:45,215 [Worker-41: Building workspace] INFO  o.e.m.c.i.embedder.EclipseLogger - Using 'UTF-8' encoding to copy filtered resources.
2019-03-06 20:15:45,215 [Worker-41: Building workspace] INFO  o.e.m.c.i.embedder.EclipseLogger - skip non existing resourceDirectory C:\Users\drago\Desktop\School\SD\Lab3\ttt-local\contract\src\test\resources
2019-03-06 20:16:28,273 [Worker-37: Building workspace] INFO  o.e.m.c.i.l.LifecycleMappingFactory - Using org.eclipse.m2e.jdt.JarLifecycleMapping lifecycle mapping for MavenProject: example.grpc:ttt-local:1.0.0-SNAPSHOT @ C:\Users\drago\Desktop\School\SD\Lab3\ttt-local\contract\pom.xml.
2019-03-06 20:16:28,685 [Worker-37: Building workspace] INFO  o.e.m.c.i.embedder.EclipseLogger - Skipping compilation because build context has no changes.
2019-03-06 20:16:28,688 [Worker-37: Building workspace] INFO  o.e.m.c.i.embedder.EclipseLogger - Skipping compilation because build context has no changes.
2019-03-06 20:16:28,785 [Worker-37: Building workspace] INFO  o.e.m.c.i.embedder.EclipseLogger - Using 'UTF-8' encoding to copy filtered resources.
2019-03-06 20:16:28,786 [Worker-37: Building workspace] INFO  o.e.m.c.i.embedder.EclipseLogger - skip non existing resourceDirectory C:\Users\drago\Desktop\School\SD\Lab3\ttt-local\contract\src\main\resources
2019-03-06 20:16:28,787 [Worker-37: Building workspace] INFO  o.e.m.c.i.embedder.EclipseLogger - Copying 0 resource
2019-03-06 20:16:28,787 [Worker-37: Building workspace] INFO  o.e.m.c.i.embedder.EclipseLogger - Copying 0 resource
2019-03-06 20:16:28,788 [Worker-37: Building workspace] INFO  o.e.m.c.i.embedder.EclipseLogger - Using 'UTF-8' encoding to copy filtered resources.
2019-03-06 20:16:28,789 [Worker-37: Building workspace] INFO  o.e.m.c.i.embedder.EclipseLogger - skip non existing resourceDirectory C:\Users\drago\Desktop\School\SD\Lab3\ttt-local\contract\src\test\resources
2019-03-06 20:17:14,247 [Worker-39: Building workspace] INFO  o.e.m.c.i.l.LifecycleMappingFactory - Using org.eclipse.m2e.jdt.JarLifecycleMapping lifecycle mapping for MavenProject: example.grpc:ttt-local:1.0.0-SNAPSHOT @ C:\Users\drago\Desktop\School\SD\Lab3\ttt-local\contract\pom.xml.
2019-03-06 20:17:14,518 [Worker-39: Building workspace] INFO  o.e.m.c.i.embedder.EclipseLogger - Skipping compilation because build context has no changes.
2019-03-06 20:17:14,520 [Worker-39: Building workspace] INFO  o.e.m.c.i.embedder.EclipseLogger - Skipping compilation because build context has no changes.
2019-03-06 20:17:14,596 [Worker-39: Building workspace] INFO  o.e.m.c.i.embedder.EclipseLogger - Using 'UTF-8' encoding to copy filtered resources.
2019-03-06 20:17:14,597 [Worker-39: Building workspace] INFO  o.e.m.c.i.embedder.EclipseLogger - skip non existing resourceDirectory C:\Users\drago\Desktop\School\SD\Lab3\ttt-local\contract\src\main\resources
2019-03-06 20:17:14,598 [Worker-39: Building workspace] INFO  o.e.m.c.i.embedder.EclipseLogger - Copying 0 resource
2019-03-06 20:17:14,598 [Worker-39: Building workspace] INFO  o.e.m.c.i.embedder.EclipseLogger - Copying 0 resource
2019-03-06 20:17:14,600 [Worker-39: Building workspace] INFO  o.e.m.c.i.embedder.EclipseLogger - Using 'UTF-8' encoding to copy filtered resources.
2019-03-06 20:17:14,600 [Worker-39: Building workspace] INFO  o.e.m.c.i.embedder.EclipseLogger - skip non existing resourceDirectory C:\Users\drago\Desktop\School\SD\Lab3\ttt-local\contract\src\test\resources
2019-03-06 20:17:26,472 [Worker-38: Building workspace] INFO  o.e.m.c.i.l.LifecycleMappingFactory - Using org.eclipse.m2e.jdt.JarLifecycleMapping lifecycle mapping for MavenProject: example.grpc:ttt-local:1.0.0-SNAPSHOT @ C:\Users\drago\Desktop\School\SD\Lab3\ttt-local\contract\pom.xml.
2019-03-06 20:17:26,729 [Worker-38: Building workspace] INFO  o.e.m.c.i.embedder.EclipseLogger - Skipping compilation because build context has no changes.
2019-03-06 20:17:26,731 [Worker-38: Building workspace] INFO  o.e.m.c.i.embedder.EclipseLogger - Skipping compilation because build context has no changes.
2019-03-06 20:17:26,810 [Worker-38: Building workspace] INFO  o.e.m.c.i.embedder.EclipseLogger - Using 'UTF-8' encoding to copy filtered resources.
2019-03-06 20:17:26,810 [Worker-38: Building workspace] INFO  o.e.m.c.i.embedder.EclipseLogger - skip non existing resourceDirectory C:\Users\drago\Desktop\School\SD\Lab3\ttt-local\contract\src\main\resources
2019-03-06 20:17:26,812 [Worker-38: Building workspace] INFO  o.e.m.c.i.embedder.EclipseLogger - Copying 0 resource
2019-03-06 20:17:26,812 [Worker-38: Building workspace] INFO  o.e.m.c.i.embedder.EclipseLogger - Copying 0 resource
2019-03-06 20:17:26,814 [Worker-38: Building workspace] INFO  o.e.m.c.i.embedder.EclipseLogger - Using 'UTF-8' encoding to copy filtered resources.
2019-03-06 20:17:26,814 [Worker-38: Building workspace] INFO  o.e.m.c.i.embedder.EclipseLogger - skip non existing resourceDirectory C:\Users\drago\Desktop\School\SD\Lab3\ttt-local\contract\src\test\resources
2019-03-06 20:28:07,167 [Worker-39: Building workspace] INFO  o.e.m.c.i.embedder.EclipseLogger - Using 'UTF-8' encoding to copy filtered resources.
2019-03-06 20:28:07,167 [Worker-39: Building workspace] INFO  o.e.m.c.i.embedder.EclipseLogger - skip non existing resourceDirectory C:\Users\drago\Desktop\School\SD\Lab3\ttt-local\server\src\main\resources
2019-03-06 20:28:07,168 [Worker-39: Building workspace] INFO  o.e.m.c.i.embedder.EclipseLogger - Using 'UTF-8' encoding to copy filtered resources.
2019-03-06 20:28:07,168 [Worker-39: Building workspace] INFO  o.e.m.c.i.embedder.EclipseLogger - skip non existing resourceDirectory C:\Users\drago\Desktop\School\SD\Lab3\ttt-local\server\src\test\resources
2019-03-06 20:29:13,829 [Worker-40: Building workspace] INFO  o.e.m.c.i.embedder.EclipseLogger - Using 'UTF-8' encoding to copy filtered resources.
2019-03-06 20:29:13,830 [Worker-40: Building workspace] INFO  o.e.m.c.i.embedder.EclipseLogger - skip non existing resourceDirectory C:\Users\drago\Desktop\School\SD\Lab3\ttt-local\server\src\main\resources
2019-03-06 20:29:13,831 [Worker-40: Building workspace] INFO  o.e.m.c.i.embedder.EclipseLogger - Using 'UTF-8' encoding to copy filtered resources.
2019-03-06 20:29:13,831 [Worker-40: Building workspace] INFO  o.e.m.c.i.embedder.EclipseLogger - skip non existing resourceDirectory C:\Users\drago\Desktop\School\SD\Lab3\ttt-local\server\src\test\resources
2019-03-06 20:29:23,045 [Worker-42: Building workspace] INFO  o.e.m.c.i.embedder.EclipseLogger - Using 'UTF-8' encoding to copy filtered resources.
2019-03-06 20:29:23,046 [Worker-42: Building workspace] INFO  o.e.m.c.i.embedder.EclipseLogger - skip non existing resourceDirectory C:\Users\drago\Desktop\School\SD\Lab3\ttt-local\server\src\main\resources
2019-03-06 20:29:23,047 [Worker-42: Building workspace] INFO  o.e.m.c.i.embedder.EclipseLogger - Using 'UTF-8' encoding to copy filtered resources.
2019-03-06 20:29:23,048 [Worker-42: Building workspace] INFO  o.e.m.c.i.embedder.EclipseLogger - skip non existing resourceDirectory C:\Users\drago\Desktop\School\SD\Lab3\ttt-local\server\src\test\resources
2019-03-06 20:29:33,094 [Worker-40: Building workspace] INFO  o.e.m.c.i.embedder.EclipseLogger - Using 'UTF-8' encoding to copy filtered resources.
2019-03-06 20:29:33,094 [Worker-40: Building workspace] INFO  o.e.m.c.i.embedder.EclipseLogger - skip non existing resourceDirectory C:\Users\drago\Desktop\School\SD\Lab3\ttt-local\server\src\main\resources
2019-03-06 20:29:33,095 [Worker-40: Building workspace] INFO  o.e.m.c.i.embedder.EclipseLogger - Using 'UTF-8' encoding to copy filtered resources.
2019-03-06 20:29:33,095 [Worker-40: Building workspace] INFO  o.e.m.c.i.embedder.EclipseLogger - skip non existing resourceDirectory C:\Users\drago\Desktop\School\SD\Lab3\ttt-local\server\src\test\resources
2019-03-06 20:30:57,841 [Worker-42: Building workspace] INFO  o.e.m.c.i.embedder.EclipseLogger - Using 'UTF-8' encoding to copy filtered resources.
2019-03-06 20:30:57,841 [Worker-42: Building workspace] INFO  o.e.m.c.i.embedder.EclipseLogger - skip non existing resourceDirectory C:\Users\drago\Desktop\School\SD\Lab3\ttt-local\server\src\main\resources
2019-03-06 20:30:57,842 [Worker-42: Building workspace] INFO  o.e.m.c.i.embedder.EclipseLogger - Using 'UTF-8' encoding to copy filtered resources.
2019-03-06 20:30:57,842 [Worker-42: Building workspace] INFO  o.e.m.c.i.embedder.EclipseLogger - skip non existing resourceDirectory C:\Users\drago\Desktop\School\SD\Lab3\ttt-local\server\src\test\resources
2019-03-06 20:31:07,728 [Worker-42: Building workspace] INFO  o.e.m.c.i.embedder.EclipseLogger - Using 'UTF-8' encoding to copy filtered resources.
2019-03-06 20:31:07,728 [Worker-42: Building workspace] INFO  o.e.m.c.i.embedder.EclipseLogger - skip non existing resourceDirectory C:\Users\drago\Desktop\School\SD\Lab3\ttt-local\server\src\main\resources
2019-03-06 20:31:07,729 [Worker-42: Building workspace] INFO  o.e.m.c.i.embedder.EclipseLogger - Using 'UTF-8' encoding to copy filtered resources.
2019-03-06 20:31:07,729 [Worker-42: Building workspace] INFO  o.e.m.c.i.embedder.EclipseLogger - skip non existing resourceDirectory C:\Users\drago\Desktop\School\SD\Lab3\ttt-local\server\src\test\resources
2019-03-06 20:31:23,813 [Worker-39: Building workspace] INFO  o.e.m.c.i.embedder.EclipseLogger - Using 'UTF-8' encoding to copy filtered resources.
2019-03-06 20:31:23,813 [Worker-39: Building workspace] INFO  o.e.m.c.i.embedder.EclipseLogger - skip non existing resourceDirectory C:\Users\drago\Desktop\School\SD\Lab3\ttt-local\server\src\main\resources
2019-03-06 20:31:23,814 [Worker-39: Building workspace] INFO  o.e.m.c.i.embedder.EclipseLogger - Using 'UTF-8' encoding to copy filtered resources.
2019-03-06 20:31:23,814 [Worker-39: Building workspace] INFO  o.e.m.c.i.embedder.EclipseLogger - skip non existing resourceDirectory C:\Users\drago\Desktop\School\SD\Lab3\ttt-local\server\src\test\resources
2019-03-06 20:33:08,226 [Worker-41: Building workspace] INFO  o.e.m.c.i.embedder.EclipseLogger - Skipping compilation because build context has no changes.
2019-03-06 20:33:08,229 [Worker-41: Building workspace] INFO  o.e.m.c.i.embedder.EclipseLogger - Skipping compilation because build context has no changes.
2019-03-06 20:33:08,231 [Worker-41: Building workspace] INFO  o.e.m.c.i.embedder.EclipseLogger - Using 'UTF-8' encoding to copy filtered resources.
2019-03-06 20:33:08,231 [Worker-41: Building workspace] INFO  o.e.m.c.i.embedder.EclipseLogger - skip non existing resourceDirectory C:\Users\drago\Desktop\School\SD\Lab3\ttt-local\contract\src\main\resources
2019-03-06 20:33:08,232 [Worker-41: Building workspace] INFO  o.e.m.c.i.embedder.EclipseLogger - Copying 0 resource
2019-03-06 20:33:08,232 [Worker-41: Building workspace] INFO  o.e.m.c.i.embedder.EclipseLogger - Copying 0 resource
2019-03-06 20:33:08,233 [Worker-41: Building workspace] INFO  o.e.m.c.i.embedder.EclipseLogger - Using 'UTF-8' encoding to copy filtered resources.
2019-03-06 20:33:08,233 [Worker-41: Building workspace] INFO  o.e.m.c.i.embedder.EclipseLogger - skip non existing resourceDirectory C:\Users\drago\Desktop\School\SD\Lab3\ttt-local\contract\src\test\resources
2019-03-06 20:33:08,243 [Worker-41: Building workspace] INFO  o.e.m.c.i.embedder.EclipseLogger - Using 'UTF-8' encoding to copy filtered resources.
2019-03-06 20:33:08,243 [Worker-41: Building workspace] INFO  o.e.m.c.i.embedder.EclipseLogger - skip non existing resourceDirectory C:\Users\drago\Desktop\School\SD\Lab3\ttt-local\server\src\main\resources
2019-03-06 20:33:08,248 [Worker-41: Building workspace] INFO  o.e.m.c.i.embedder.EclipseLogger - Using 'UTF-8' encoding to copy filtered resources.
2019-03-06 20:33:08,248 [Worker-41: Building workspace] INFO  o.e.m.c.i.embedder.EclipseLogger - skip non existing resourceDirectory C:\Users\drago\Desktop\School\SD\Lab3\ttt-local\server\src\test\resources
2019-03-06 20:36:45,113 [Worker-38: Building workspace] INFO  o.e.m.c.i.embedder.EclipseLogger - Using 'UTF-8' encoding to copy filtered resources.
2019-03-06 20:36:45,113 [Worker-38: Building workspace] INFO  o.e.m.c.i.embedder.EclipseLogger - skip non existing resourceDirectory C:\Users\drago\Desktop\School\SD\Lab3\ttt-local\client\src\main\resources
2019-03-06 20:36:45,113 [Worker-38: Building workspace] INFO  o.e.m.c.i.embedder.EclipseLogger - Using 'UTF-8' encoding to copy filtered resources.
2019-03-06 20:36:45,114 [Worker-38: Building workspace] INFO  o.e.m.c.i.embedder.EclipseLogger - skip non existing resourceDirectory C:\Users\drago\Desktop\School\SD\Lab3\ttt-local\client\src\test\resources
2019-03-06 20:36:46,996 [Worker-38: Building workspace] INFO  o.e.m.c.i.embedder.EclipseLogger - Using 'UTF-8' encoding to copy filtered resources.
2019-03-06 20:36:46,996 [Worker-38: Building workspace] INFO  o.e.m.c.i.embedder.EclipseLogger - skip non existing resourceDirectory C:\Users\drago\Desktop\School\SD\Lab3\ttt-local\client\src\main\resources
2019-03-06 20:36:46,997 [Worker-38: Building workspace] INFO  o.e.m.c.i.embedder.EclipseLogger - Using 'UTF-8' encoding to copy filtered resources.
2019-03-06 20:36:46,997 [Worker-38: Building workspace] INFO  o.e.m.c.i.embedder.EclipseLogger - skip non existing resourceDirectory C:\Users\drago\Desktop\School\SD\Lab3\ttt-local\client\src\test\resources
2019-03-06 20:36:47,010 [Worker-38: Building workspace] INFO  o.e.m.c.i.embedder.EclipseLogger - Skipping compilation because build context has no changes.
2019-03-06 20:36:47,012 [Worker-38: Building workspace] INFO  o.e.m.c.i.embedder.EclipseLogger - Skipping compilation because build context has no changes.
2019-03-06 20:36:47,013 [Worker-38: Building workspace] INFO  o.e.m.c.i.embedder.EclipseLogger - Using 'UTF-8' encoding to copy filtered resources.
2019-03-06 20:36:47,013 [Worker-38: Building workspace] INFO  o.e.m.c.i.embedder.EclipseLogger - skip non existing resourceDirectory C:\Users\drago\Desktop\School\SD\Lab3\ttt-local\contract\src\main\resources
2019-03-06 20:36:47,014 [Worker-38: Building workspace] INFO  o.e.m.c.i.embedder.EclipseLogger - Copying 0 resource
2019-03-06 20:36:47,014 [Worker-38: Building workspace] INFO  o.e.m.c.i.embedder.EclipseLogger - Copying 0 resource
2019-03-06 20:36:47,014 [Worker-38: Building workspace] INFO  o.e.m.c.i.embedder.EclipseLogger - Using 'UTF-8' encoding to copy filtered resources.
2019-03-06 20:36:47,015 [Worker-38: Building workspace] INFO  o.e.m.c.i.embedder.EclipseLogger - skip non existing resourceDirectory C:\Users\drago\Desktop\School\SD\Lab3\ttt-local\contract\src\test\resources
2019-03-06 20:36:47,435 [Worker-38: Building workspace] INFO  o.e.m.c.i.l.LifecycleMappingFactory - Using org.eclipse.m2e.jdt.JarLifecycleMapping lifecycle mapping for MavenProject: example.grpc:ttt-local-server:1.0.0-SNAPSHOT @ C:\Users\drago\Desktop\School\SD\Lab3\ttt-local\server\pom.xml.
2019-03-06 20:36:47,437 [Worker-38: Building workspace] WARN  o.e.m.c.i.embedder.EclipseLogger - The POM for example.grpc:game-contract:jar:1.0.0-SNAPSHOT is missing, no dependency information available
2019-03-06 20:36:47,529 [Worker-38: Building workspace] INFO  o.e.m.c.i.embedder.EclipseLogger - Using 'UTF-8' encoding to copy filtered resources.
2019-03-06 20:36:47,529 [Worker-38: Building workspace] INFO  o.e.m.c.i.embedder.EclipseLogger - skip non existing resourceDirectory C:\Users\drago\Desktop\School\SD\Lab3\ttt-local\server\src\main\resources
2019-03-06 20:36:47,530 [Worker-38: Building workspace] INFO  o.e.m.c.i.embedder.EclipseLogger - Using 'UTF-8' encoding to copy filtered resources.
2019-03-06 20:36:47,530 [Worker-38: Building workspace] INFO  o.e.m.c.i.embedder.EclipseLogger - skip non existing resourceDirectory C:\Users\drago\Desktop\School\SD\Lab3\ttt-local\server\src\test\resources
2019-03-06 20:36:48,529 [Worker-40: Download sources and javadoc] WARN  o.e.m.c.i.embedder.EclipseLogger - The POM for example.grpc:game-contract:jar:1.0.0-SNAPSHOT is missing, no dependency information available
2019-03-06 20:36:48,549 [Worker-40: Download sources and javadoc] ERROR o.e.m.j.internal.DownloadSourcesJob - Could not download sources for example.grpc:game-contract:1.0.0-SNAPSHOT
org.eclipse.core.runtime.CoreException: Could not resolve artifact example.grpc:game-contract:jar:sources:1.0.0-SNAPSHOT
	at org.eclipse.m2e.core.internal.embedder.MavenImpl.lambda$4(MavenImpl.java:763) [org.eclipse.m2e.core_1.10.0.20181127-2120.jar:na]
	at org.eclipse.m2e.core.internal.embedder.MavenExecutionContext.executeBare(MavenExecutionContext.java:177) [org.eclipse.m2e.core_1.10.0.20181127-2120.jar:na]
	at org.eclipse.m2e.core.internal.embedder.MavenExecutionContext.execute(MavenExecutionContext.java:112) [org.eclipse.m2e.core_1.10.0.20181127-2120.jar:na]
	at org.eclipse.m2e.core.internal.embedder.MavenExecutionContext.execute(MavenExecutionContext.java:99) [org.eclipse.m2e.core_1.10.0.20181127-2120.jar:na]
	at org.eclipse.m2e.core.internal.embedder.MavenImpl.resolve(MavenImpl.java:731) [org.eclipse.m2e.core_1.10.0.20181127-2120.jar:na]
	at org.eclipse.m2e.core.internal.embedder.MavenImpl.resolve(MavenImpl.java:708) [org.eclipse.m2e.core_1.10.0.20181127-2120.jar:na]
	at org.eclipse.m2e.jdt.internal.DownloadSourcesJob.download(DownloadSourcesJob.java:279) [org.eclipse.m2e.jdt_1.10.0.20181127-2120.jar:na]
	at org.eclipse.m2e.jdt.internal.DownloadSourcesJob.downloadAttachments(DownloadSourcesJob.java:254) [org.eclipse.m2e.jdt_1.10.0.20181127-2120.jar:na]
	at org.eclipse.m2e.jdt.internal.DownloadSourcesJob.downloadMaven(DownloadSourcesJob.java:221) [org.eclipse.m2e.jdt_1.10.0.20181127-2120.jar:na]
	at org.eclipse.m2e.jdt.internal.DownloadSourcesJob.run(DownloadSourcesJob.java:161) [org.eclipse.m2e.jdt_1.10.0.20181127-2120.jar:na]
	at org.eclipse.m2e.jdt.internal.DownloadSourcesJob$1.call(DownloadSourcesJob.java:137) [org.eclipse.m2e.jdt_1.10.0.20181127-2120.jar:na]
	at org.eclipse.m2e.jdt.internal.DownloadSourcesJob$1.call(DownloadSourcesJob.java:1) [org.eclipse.m2e.jdt_1.10.0.20181127-2120.jar:na]
	at org.eclipse.m2e.core.internal.embedder.MavenExecutionContext.executeBare(MavenExecutionContext.java:177) [org.eclipse.m2e.core_1.10.0.20181127-2120.jar:na]
	at org.eclipse.m2e.core.internal.embedder.MavenExecutionContext.execute(MavenExecutionContext.java:151) [org.eclipse.m2e.core_1.10.0.20181127-2120.jar:na]
	at org.eclipse.m2e.core.internal.embedder.MavenExecutionContext.execute(MavenExecutionContext.java:99) [org.eclipse.m2e.core_1.10.0.20181127-2120.jar:na]
	at org.eclipse.m2e.core.internal.embedder.MavenImpl.execute(MavenImpl.java:1336) [org.eclipse.m2e.core_1.10.0.20181127-2120.jar:na]
	at org.eclipse.m2e.jdt.internal.DownloadSourcesJob.run(DownloadSourcesJob.java:135) [org.eclipse.m2e.jdt_1.10.0.20181127-2120.jar:na]
	at org.eclipse.core.internal.jobs.Worker.run(Worker.java:63) [org.eclipse.core.jobs_3.10.200.v20180912-1356.jar:na]
2019-03-06 20:37:13,116 [Worker-40: Building workspace] INFO  o.e.m.c.i.embedder.EclipseLogger - Using 'UTF-8' encoding to copy filtered resources.
2019-03-06 20:37:13,116 [Worker-40: Building workspace] INFO  o.e.m.c.i.embedder.EclipseLogger - skip non existing resourceDirectory C:\Users\drago\Desktop\School\SD\Lab3\ttt-local\server\src\main\resources
2019-03-06 20:37:13,117 [Worker-40: Building workspace] INFO  o.e.m.c.i.embedder.EclipseLogger - Using 'UTF-8' encoding to copy filtered resources.
2019-03-06 20:37:13,117 [Worker-40: Building workspace] INFO  o.e.m.c.i.embedder.EclipseLogger - skip non existing resourceDirectory C:\Users\drago\Desktop\School\SD\Lab3\ttt-local\server\src\test\resources
2019-03-06 20:37:22,258 [Worker-40: Building workspace] INFO  o.e.m.c.i.embedder.EclipseLogger - Using 'UTF-8' encoding to copy filtered resources.
2019-03-06 20:37:22,258 [Worker-40: Building workspace] INFO  o.e.m.c.i.embedder.EclipseLogger - skip non existing resourceDirectory C:\Users\drago\Desktop\School\SD\Lab3\ttt-local\server\src\main\resources
2019-03-06 20:37:22,259 [Worker-40: Building workspace] INFO  o.e.m.c.i.embedder.EclipseLogger - Using 'UTF-8' encoding to copy filtered resources.
2019-03-06 20:37:22,259 [Worker-40: Building workspace] INFO  o.e.m.c.i.embedder.EclipseLogger - skip non existing resourceDirectory C:\Users\drago\Desktop\School\SD\Lab3\ttt-local\server\src\test\resources
2019-03-06 20:41:17,566 [Worker-38: Building workspace] INFO  o.e.m.c.i.l.LifecycleMappingFactory - Using org.eclipse.m2e.jdt.JarLifecycleMapping lifecycle mapping for MavenProject: example.grpc:ttt-local-server:1.0.0-SNAPSHOT @ C:\Users\drago\Desktop\School\SD\Lab3\ttt-local\server\pom.xml.
2019-03-06 20:41:17,567 [Worker-38: Building workspace] WARN  o.e.m.c.i.embedder.EclipseLogger - The POM for example.grpc:game-contract:jar:1.0.0-SNAPSHOT is missing, no dependency information available
2019-03-06 20:41:17,619 [Worker-38: Building workspace] INFO  o.e.m.c.i.embedder.EclipseLogger - Using 'UTF-8' encoding to copy filtered resources.
2019-03-06 20:41:17,619 [Worker-38: Building workspace] INFO  o.e.m.c.i.embedder.EclipseLogger - skip non existing resourceDirectory C:\Users\drago\Desktop\School\SD\Lab3\ttt-local\server\src\main\resources
2019-03-06 20:41:17,620 [Worker-38: Building workspace] INFO  o.e.m.c.i.embedder.EclipseLogger - Using 'UTF-8' encoding to copy filtered resources.
2019-03-06 20:41:17,621 [Worker-38: Building workspace] INFO  o.e.m.c.i.embedder.EclipseLogger - skip non existing resourceDirectory C:\Users\drago\Desktop\School\SD\Lab3\ttt-local\server\src\test\resources
2019-03-06 20:41:18,672 [Worker-44: Download sources and javadoc] WARN  o.e.m.c.i.embedder.EclipseLogger - The POM for example.grpc:game-contract:jar:1.0.0-SNAPSHOT is missing, no dependency information available
2019-03-06 20:41:18,682 [Worker-44: Download sources and javadoc] ERROR o.e.m.j.internal.DownloadSourcesJob - Could not download javadoc for example.grpc:game-contract:1.0.0-SNAPSHOT
org.eclipse.core.runtime.CoreException: Could not resolve artifact example.grpc:game-contract:jar:javadoc:1.0.0-SNAPSHOT
	at org.eclipse.m2e.core.internal.embedder.MavenImpl.lambda$4(MavenImpl.java:763) [org.eclipse.m2e.core_1.10.0.20181127-2120.jar:na]
	at org.eclipse.m2e.core.internal.embedder.MavenExecutionContext.executeBare(MavenExecutionContext.java:177) [org.eclipse.m2e.core_1.10.0.20181127-2120.jar:na]
	at org.eclipse.m2e.core.internal.embedder.MavenExecutionContext.execute(MavenExecutionContext.java:112) [org.eclipse.m2e.core_1.10.0.20181127-2120.jar:na]
	at org.eclipse.m2e.core.internal.embedder.MavenExecutionContext.execute(MavenExecutionContext.java:99) [org.eclipse.m2e.core_1.10.0.20181127-2120.jar:na]
	at org.eclipse.m2e.core.internal.embedder.MavenImpl.resolve(MavenImpl.java:731) [org.eclipse.m2e.core_1.10.0.20181127-2120.jar:na]
	at org.eclipse.m2e.core.internal.embedder.MavenImpl.resolve(MavenImpl.java:708) [org.eclipse.m2e.core_1.10.0.20181127-2120.jar:na]
	at org.eclipse.m2e.jdt.internal.DownloadSourcesJob.download(DownloadSourcesJob.java:279) [org.eclipse.m2e.jdt_1.10.0.20181127-2120.jar:na]
	at org.eclipse.m2e.jdt.internal.DownloadSourcesJob.downloadAttachments(DownloadSourcesJob.java:265) [org.eclipse.m2e.jdt_1.10.0.20181127-2120.jar:na]
	at org.eclipse.m2e.jdt.internal.DownloadSourcesJob.downloadMaven(DownloadSourcesJob.java:221) [org.eclipse.m2e.jdt_1.10.0.20181127-2120.jar:na]
	at org.eclipse.m2e.jdt.internal.DownloadSourcesJob.run(DownloadSourcesJob.java:161) [org.eclipse.m2e.jdt_1.10.0.20181127-2120.jar:na]
	at org.eclipse.m2e.jdt.internal.DownloadSourcesJob$1.call(DownloadSourcesJob.java:137) [org.eclipse.m2e.jdt_1.10.0.20181127-2120.jar:na]
	at org.eclipse.m2e.jdt.internal.DownloadSourcesJob$1.call(DownloadSourcesJob.java:1) [org.eclipse.m2e.jdt_1.10.0.20181127-2120.jar:na]
	at org.eclipse.m2e.core.internal.embedder.MavenExecutionContext.executeBare(MavenExecutionContext.java:177) [org.eclipse.m2e.core_1.10.0.20181127-2120.jar:na]
	at org.eclipse.m2e.core.internal.embedder.MavenExecutionContext.execute(MavenExecutionContext.java:151) [org.eclipse.m2e.core_1.10.0.20181127-2120.jar:na]
	at org.eclipse.m2e.core.internal.embedder.MavenExecutionContext.execute(MavenExecutionContext.java:99) [org.eclipse.m2e.core_1.10.0.20181127-2120.jar:na]
	at org.eclipse.m2e.core.internal.embedder.MavenImpl.execute(MavenImpl.java:1336) [org.eclipse.m2e.core_1.10.0.20181127-2120.jar:na]
	at org.eclipse.m2e.jdt.internal.DownloadSourcesJob.run(DownloadSourcesJob.java:135) [org.eclipse.m2e.jdt_1.10.0.20181127-2120.jar:na]
	at org.eclipse.core.internal.jobs.Worker.run(Worker.java:63) [org.eclipse.core.jobs_3.10.200.v20180912-1356.jar:na]
2019-03-06 20:42:30,704 [Worker-41: Building workspace] INFO  o.e.m.c.i.l.LifecycleMappingFactory - Using org.eclipse.m2e.jdt.JarLifecycleMapping lifecycle mapping for MavenProject: example.grpc:ttt-local-server:1.0.0-SNAPSHOT @ C:\Users\drago\Desktop\School\SD\Lab3\ttt-local\server\pom.xml.
2019-03-06 20:42:30,706 [Worker-41: Building workspace] WARN  o.e.m.c.i.embedder.EclipseLogger - The POM for example.grpc:game-contract:jar:1.0.0-SNAPSHOT is missing, no dependency information available
2019-03-06 20:42:30,821 [Worker-41: Building workspace] INFO  o.e.m.c.i.embedder.EclipseLogger - Using 'UTF-8' encoding to copy filtered resources.
2019-03-06 20:42:30,821 [Worker-41: Building workspace] INFO  o.e.m.c.i.embedder.EclipseLogger - skip non existing resourceDirectory C:\Users\drago\Desktop\School\SD\Lab3\ttt-local\server\src\main\resources
2019-03-06 20:42:30,822 [Worker-41: Building workspace] INFO  o.e.m.c.i.embedder.EclipseLogger - Using 'UTF-8' encoding to copy filtered resources.
2019-03-06 20:42:30,823 [Worker-41: Building workspace] INFO  o.e.m.c.i.embedder.EclipseLogger - skip non existing resourceDirectory C:\Users\drago\Desktop\School\SD\Lab3\ttt-local\server\src\test\resources
2019-03-06 20:45:01,499 [Worker-45: Importing Maven projects] ERROR o.e.m.c.i.p.ProjectConfigurationManager - Project client already exists
2019-03-06 20:45:01,501 [Worker-45: Importing Maven projects] ERROR o.e.m.c.i.p.ProjectConfigurationManager - Project contract already exists
2019-03-06 20:45:01,870 [Worker-45: Importing Maven projects] INFO  o.e.m.c.i.l.LifecycleMappingFactory - Using org.eclipse.m2e.jdt.JarLifecycleMapping lifecycle mapping for MavenProject: example.grpc:ttt-local-server:1.0.0-SNAPSHOT @ C:\Users\drago\Desktop\School\SD\Lab3\ttt-local\server\pom.xml.
2019-03-06 20:45:01,871 [Worker-45: Importing Maven projects] WARN  o.e.m.c.i.embedder.EclipseLogger - The POM for example.grpc:game-contract:jar:1.0.0-SNAPSHOT is missing, no dependency information available
2019-03-06 20:45:01,969 [Worker-45: Importing Maven projects] INFO  o.e.m.j.i.AbstractJavaProjectConfigurator - Adding source folder /server/src/main/java
2019-03-06 20:45:01,970 [Worker-45: Importing Maven projects] INFO  o.e.m.j.i.AbstractJavaProjectConfigurator - Adding source folder /server/src/test/java
2019-03-06 20:45:02,034 [Worker-45: Importing Maven projects] INFO  o.e.m.c.i.p.ProjectConfigurationManager - Imported and configured 3 project(s) in 0 sec
2019-03-06 20:45:02,195 [Worker-41: Building workspace] WARN  o.e.m.c.i.embedder.EclipseLogger - The POM for example.grpc:game-contract:jar:1.0.0-SNAPSHOT is missing, no dependency information available
2019-03-06 20:45:02,206 [Worker-41: Building workspace] INFO  o.e.m.c.i.embedder.EclipseLogger - Using 'UTF-8' encoding to copy filtered resources.
2019-03-06 20:45:02,207 [Worker-41: Building workspace] INFO  o.e.m.c.i.embedder.EclipseLogger - skip non existing resourceDirectory C:\Users\drago\Desktop\School\SD\Lab3\ttt-local\server\src\main\resources
2019-03-06 20:45:02,208 [Worker-41: Building workspace] INFO  o.e.m.c.i.embedder.EclipseLogger - Using 'UTF-8' encoding to copy filtered resources.
2019-03-06 20:45:02,208 [Worker-41: Building workspace] INFO  o.e.m.c.i.embedder.EclipseLogger - skip non existing resourceDirectory C:\Users\drago\Desktop\School\SD\Lab3\ttt-local\server\src\test\resources
2019-03-06 20:47:41,822 [Worker-41: Building workspace] INFO  o.e.m.c.i.l.LifecycleMappingFactory - Using org.eclipse.m2e.jdt.JarLifecycleMapping lifecycle mapping for MavenProject: example:ttt-local-client:1.0.0-SNAPSHOT @ C:\Users\drago\Desktop\School\SD\Lab3\ttt-local\client\pom.xml.
2019-03-06 20:47:41,896 [Worker-41: Building workspace] INFO  o.e.m.c.i.embedder.EclipseLogger - Using 'UTF-8' encoding to copy filtered resources.
2019-03-06 20:47:41,896 [Worker-41: Building workspace] INFO  o.e.m.c.i.embedder.EclipseLogger - skip non existing resourceDirectory C:\Users\drago\Desktop\School\SD\Lab3\ttt-local\client\src\main\resources
2019-03-06 20:47:41,898 [Worker-41: Building workspace] INFO  o.e.m.c.i.embedder.EclipseLogger - Using 'UTF-8' encoding to copy filtered resources.
2019-03-06 20:47:41,898 [Worker-41: Building workspace] INFO  o.e.m.c.i.embedder.EclipseLogger - skip non existing resourceDirectory C:\Users\drago\Desktop\School\SD\Lab3\ttt-local\client\src\test\resources
2019-03-06 20:48:25,533 [Worker-45: Building workspace] INFO  o.e.m.c.i.l.LifecycleMappingFactory - Using org.eclipse.m2e.jdt.JarLifecycleMapping lifecycle mapping for MavenProject: example.grpc:ttt-local-contract:1.0.0-SNAPSHOT @ C:\Users\drago\Desktop\School\SD\Lab3\ttt-local\contract\pom.xml.
2019-03-06 20:48:25,891 [Worker-45: Building workspace] INFO  o.e.m.c.i.embedder.EclipseLogger - Skipping compilation because build context has no changes.
2019-03-06 20:48:25,894 [Worker-45: Building workspace] INFO  o.e.m.c.i.embedder.EclipseLogger - Skipping compilation because build context has no changes.
2019-03-06 20:48:25,983 [Worker-45: Building workspace] INFO  o.e.m.c.i.embedder.EclipseLogger - Using 'UTF-8' encoding to copy filtered resources.
2019-03-06 20:48:25,983 [Worker-45: Building workspace] INFO  o.e.m.c.i.embedder.EclipseLogger - skip non existing resourceDirectory C:\Users\drago\Desktop\School\SD\Lab3\ttt-local\contract\src\main\resources
2019-03-06 20:48:25,985 [Worker-45: Building workspace] INFO  o.e.m.c.i.embedder.EclipseLogger - Copying 0 resource
2019-03-06 20:48:25,986 [Worker-45: Building workspace] INFO  o.e.m.c.i.embedder.EclipseLogger - Copying 0 resource
2019-03-06 20:48:25,988 [Worker-45: Building workspace] INFO  o.e.m.c.i.embedder.EclipseLogger - Using 'UTF-8' encoding to copy filtered resources.
2019-03-06 20:48:25,988 [Worker-45: Building workspace] INFO  o.e.m.c.i.embedder.EclipseLogger - skip non existing resourceDirectory C:\Users\drago\Desktop\School\SD\Lab3\ttt-local\contract\src\test\resources
2019-03-06 21:03:10,540 [Worker-44: Building workspace] INFO  o.e.m.c.i.embedder.EclipseLogger - Using 'UTF-8' encoding to copy filtered resources.
2019-03-06 21:03:10,541 [Worker-44: Building workspace] INFO  o.e.m.c.i.embedder.EclipseLogger - skip non existing resourceDirectory C:\Users\drago\Desktop\School\SD\Lab3\ttt-local\server\src\main\resources
2019-03-06 21:03:10,541 [Worker-44: Building workspace] INFO  o.e.m.c.i.embedder.EclipseLogger - Using 'UTF-8' encoding to copy filtered resources.
2019-03-06 21:03:10,542 [Worker-44: Building workspace] INFO  o.e.m.c.i.embedder.EclipseLogger - skip non existing resourceDirectory C:\Users\drago\Desktop\School\SD\Lab3\ttt-local\server\src\test\resources
2019-03-06 21:03:16,083 [Worker-48: Building workspace] INFO  o.e.m.c.i.embedder.EclipseLogger - Using 'UTF-8' encoding to copy filtered resources.
2019-03-06 21:03:16,084 [Worker-48: Building workspace] INFO  o.e.m.c.i.embedder.EclipseLogger - skip non existing resourceDirectory C:\Users\drago\Desktop\School\SD\Lab3\ttt-local\server\src\main\resources
2019-03-06 21:03:16,084 [Worker-48: Building workspace] INFO  o.e.m.c.i.embedder.EclipseLogger - Using 'UTF-8' encoding to copy filtered resources.
2019-03-06 21:03:16,085 [Worker-48: Building workspace] INFO  o.e.m.c.i.embedder.EclipseLogger - skip non existing resourceDirectory C:\Users\drago\Desktop\School\SD\Lab3\ttt-local\server\src\test\resources
2019-03-06 21:03:36,098 [Worker-47: Building workspace] INFO  o.e.m.c.i.embedder.EclipseLogger - Using 'UTF-8' encoding to copy filtered resources.
2019-03-06 21:03:36,098 [Worker-47: Building workspace] INFO  o.e.m.c.i.embedder.EclipseLogger - skip non existing resourceDirectory C:\Users\drago\Desktop\School\SD\Lab3\ttt-local\server\src\main\resources
2019-03-06 21:03:36,098 [Worker-47: Building workspace] INFO  o.e.m.c.i.embedder.EclipseLogger - Using 'UTF-8' encoding to copy filtered resources.
2019-03-06 21:03:36,098 [Worker-47: Building workspace] INFO  o.e.m.c.i.embedder.EclipseLogger - skip non existing resourceDirectory C:\Users\drago\Desktop\School\SD\Lab3\ttt-local\server\src\test\resources
2019-03-06 21:03:41,290 [Worker-49: Building workspace] INFO  o.e.m.c.i.embedder.EclipseLogger - Using 'UTF-8' encoding to copy filtered resources.
2019-03-06 21:03:41,290 [Worker-49: Building workspace] INFO  o.e.m.c.i.embedder.EclipseLogger - skip non existing resourceDirectory C:\Users\drago\Desktop\School\SD\Lab3\ttt-local\server\src\main\resources
2019-03-06 21:03:41,292 [Worker-49: Building workspace] INFO  o.e.m.c.i.embedder.EclipseLogger - Using 'UTF-8' encoding to copy filtered resources.
2019-03-06 21:03:41,292 [Worker-49: Building workspace] INFO  o.e.m.c.i.embedder.EclipseLogger - skip non existing resourceDirectory C:\Users\drago\Desktop\School\SD\Lab3\ttt-local\server\src\test\resources
2019-03-06 21:03:55,976 [Worker-47: Building workspace] INFO  o.e.m.c.i.embedder.EclipseLogger - Using 'UTF-8' encoding to copy filtered resources.
2019-03-06 21:03:55,977 [Worker-47: Building workspace] INFO  o.e.m.c.i.embedder.EclipseLogger - skip non existing resourceDirectory C:\Users\drago\Desktop\School\SD\Lab3\ttt-local\server\src\main\resources
2019-03-06 21:03:55,977 [Worker-47: Building workspace] INFO  o.e.m.c.i.embedder.EclipseLogger - Using 'UTF-8' encoding to copy filtered resources.
2019-03-06 21:03:55,977 [Worker-47: Building workspace] INFO  o.e.m.c.i.embedder.EclipseLogger - skip non existing resourceDirectory C:\Users\drago\Desktop\School\SD\Lab3\ttt-local\server\src\test\resources
2019-03-06 21:03:59,246 [Worker-47: Building workspace] INFO  o.e.m.c.i.embedder.EclipseLogger - Using 'UTF-8' encoding to copy filtered resources.
2019-03-06 21:03:59,246 [Worker-47: Building workspace] INFO  o.e.m.c.i.embedder.EclipseLogger - skip non existing resourceDirectory C:\Users\drago\Desktop\School\SD\Lab3\ttt-local\server\src\main\resources
2019-03-06 21:03:59,247 [Worker-47: Building workspace] INFO  o.e.m.c.i.embedder.EclipseLogger - Using 'UTF-8' encoding to copy filtered resources.
2019-03-06 21:03:59,247 [Worker-47: Building workspace] INFO  o.e.m.c.i.embedder.EclipseLogger - skip non existing resourceDirectory C:\Users\drago\Desktop\School\SD\Lab3\ttt-local\server\src\test\resources
2019-03-06 21:04:13,235 [Worker-44: Building workspace] INFO  o.e.m.c.i.embedder.EclipseLogger - Using 'UTF-8' encoding to copy filtered resources.
2019-03-06 21:04:13,236 [Worker-44: Building workspace] INFO  o.e.m.c.i.embedder.EclipseLogger - skip non existing resourceDirectory C:\Users\drago\Desktop\School\SD\Lab3\ttt-local\server\src\main\resources
2019-03-06 21:04:13,237 [Worker-44: Building workspace] INFO  o.e.m.c.i.embedder.EclipseLogger - Using 'UTF-8' encoding to copy filtered resources.
2019-03-06 21:04:13,237 [Worker-44: Building workspace] INFO  o.e.m.c.i.embedder.EclipseLogger - skip non existing resourceDirectory C:\Users\drago\Desktop\School\SD\Lab3\ttt-local\server\src\test\resources
2019-03-06 21:04:19,193 [Worker-38: Building workspace] INFO  o.e.m.c.i.embedder.EclipseLogger - Using 'UTF-8' encoding to copy filtered resources.
2019-03-06 21:04:19,193 [Worker-38: Building workspace] INFO  o.e.m.c.i.embedder.EclipseLogger - skip non existing resourceDirectory C:\Users\drago\Desktop\School\SD\Lab3\ttt-local\server\src\main\resources
2019-03-06 21:04:19,194 [Worker-38: Building workspace] INFO  o.e.m.c.i.embedder.EclipseLogger - Using 'UTF-8' encoding to copy filtered resources.
2019-03-06 21:04:19,194 [Worker-38: Building workspace] INFO  o.e.m.c.i.embedder.EclipseLogger - skip non existing resourceDirectory C:\Users\drago\Desktop\School\SD\Lab3\ttt-local\server\src\test\resources
2019-03-06 21:05:58,008 [Worker-47: Building workspace] INFO  o.e.m.c.i.embedder.EclipseLogger - Using 'UTF-8' encoding to copy filtered resources.
2019-03-06 21:05:58,008 [Worker-47: Building workspace] INFO  o.e.m.c.i.embedder.EclipseLogger - skip non existing resourceDirectory C:\Users\drago\Desktop\School\SD\Lab3\ttt-local\server\src\main\resources
2019-03-06 21:05:58,009 [Worker-47: Building workspace] INFO  o.e.m.c.i.embedder.EclipseLogger - Using 'UTF-8' encoding to copy filtered resources.
2019-03-06 21:05:58,009 [Worker-47: Building workspace] INFO  o.e.m.c.i.embedder.EclipseLogger - skip non existing resourceDirectory C:\Users\drago\Desktop\School\SD\Lab3\ttt-local\server\src\test\resources
2019-03-06 21:06:03,438 [Worker-47: Building workspace] INFO  o.e.m.c.i.embedder.EclipseLogger - Using 'UTF-8' encoding to copy filtered resources.
2019-03-06 21:06:03,439 [Worker-47: Building workspace] INFO  o.e.m.c.i.embedder.EclipseLogger - skip non existing resourceDirectory C:\Users\drago\Desktop\School\SD\Lab3\ttt-local\server\src\main\resources
2019-03-06 21:06:03,440 [Worker-47: Building workspace] INFO  o.e.m.c.i.embedder.EclipseLogger - Using 'UTF-8' encoding to copy filtered resources.
2019-03-06 21:06:03,440 [Worker-47: Building workspace] INFO  o.e.m.c.i.embedder.EclipseLogger - skip non existing resourceDirectory C:\Users\drago\Desktop\School\SD\Lab3\ttt-local\server\src\test\resources
2019-03-06 21:07:34,479 [Worker-44: Building workspace] INFO  o.e.m.c.i.embedder.EclipseLogger - Using 'UTF-8' encoding to copy filtered resources.
2019-03-06 21:07:34,480 [Worker-44: Building workspace] INFO  o.e.m.c.i.embedder.EclipseLogger - skip non existing resourceDirectory C:\Users\drago\Desktop\School\SD\Lab3\ttt-local\server\src\main\resources
2019-03-06 21:07:34,480 [Worker-44: Building workspace] INFO  o.e.m.c.i.embedder.EclipseLogger - Using 'UTF-8' encoding to copy filtered resources.
2019-03-06 21:07:34,480 [Worker-44: Building workspace] INFO  o.e.m.c.i.embedder.EclipseLogger - skip non existing resourceDirectory C:\Users\drago\Desktop\School\SD\Lab3\ttt-local\server\src\test\resources
2019-03-06 21:09:13,121 [Worker-49: Building workspace] INFO  o.e.m.c.i.embedder.EclipseLogger - Using 'UTF-8' encoding to copy filtered resources.
2019-03-06 21:09:13,121 [Worker-49: Building workspace] INFO  o.e.m.c.i.embedder.EclipseLogger - skip non existing resourceDirectory C:\Users\drago\Desktop\School\SD\Lab3\ttt-local\server\src\main\resources
2019-03-06 21:09:13,122 [Worker-49: Building workspace] INFO  o.e.m.c.i.embedder.EclipseLogger - Using 'UTF-8' encoding to copy filtered resources.
2019-03-06 21:09:13,123 [Worker-49: Building workspace] INFO  o.e.m.c.i.embedder.EclipseLogger - skip non existing resourceDirectory C:\Users\drago\Desktop\School\SD\Lab3\ttt-local\server\src\test\resources
2019-03-06 21:10:27,953 [Worker-47: Building workspace] INFO  o.e.m.c.i.embedder.EclipseLogger - Using 'UTF-8' encoding to copy filtered resources.
2019-03-06 21:10:27,953 [Worker-47: Building workspace] INFO  o.e.m.c.i.embedder.EclipseLogger - skip non existing resourceDirectory C:\Users\drago\Desktop\School\SD\Lab3\ttt-local\server\src\main\resources
2019-03-06 21:10:27,953 [Worker-47: Building workspace] INFO  o.e.m.c.i.embedder.EclipseLogger - Using 'UTF-8' encoding to copy filtered resources.
2019-03-06 21:10:27,954 [Worker-47: Building workspace] INFO  o.e.m.c.i.embedder.EclipseLogger - skip non existing resourceDirectory C:\Users\drago\Desktop\School\SD\Lab3\ttt-local\server\src\test\resources
